<?xml version="1.0" encoding="UTF-8"?>
<TestRun id="ce0f5901-5eeb-4255-9dad-a27eea8d04e2" name="Tulip@TULIP-PC 2012-12-07 20:10:17" runUser="Tulip-PC\Tulip" xmlns="http://microsoft.com/schemas/VisualStudio/TeamTest/2010">
  <TestSettings name="Local" id="670c5c00-ed4e-414f-8521-9bfb3367e3cc">
    <Description>These are default test settings for a local test run.</Description>
    <Deployment enabled="false" runDeploymentRoot="Tulip_TULIP-PC 2012-12-07 20_10_17">
      <DeploymentItem filename="C:\Users\Tulip\Desktop\VirtualWaterFight_2\BalloonManager\bin\Debug\BalloonManager.dll" />
      <DeploymentItem filename="C:\Users\Tulip\Desktop\VirtualWaterFight_2\Player\bin\Debug\Player.dll" />
      <DeploymentItem filename="C:\Users\Tulip\Desktop\VirtualWaterFight_2\Common\bin\Debug\Common.dll" />
      <DeploymentItem filename="C:\Users\Tulip\Desktop\VirtualWaterFight_2\Objects\bin\Debug\Objects.dll" />
      <DeploymentItem filename="C:\Users\Tulip\Desktop\VirtualWaterFight_2\WaterManager\bin\Debug\WaterManager.dll" />
      <DeploymentItem filename="C:\Users\Tulip\Desktop\VirtualWaterFight_2\FightManager\bin\Debug\FightManager.dll" />
    </Deployment>
    <Execution>
      <TestTypeSpecific />
      <AgentRule name="Execution Agents">
      </AgentRule>
    </Execution>
  </TestSettings>
  <Times creation="2012-12-07T20:10:17.3956991-07:00" queuing="2012-12-07T20:10:17.4357382-07:00" start="2012-12-07T20:10:17.7052694-07:00" finish="2012-12-07T20:10:20.8205038-07:00" />
  <ResultSummary outcome="Failed">
    <Counters total="1" executed="1" error="0" failed="1" timeout="0" aborted="0" inconclusive="0" passedButRunAborted="0" notRunnable="0" notExecuted="0" disconnected="0" warning="0" passed="0" completed="0" inProgress="0" pending="0" />
  </ResultSummary>
  <TestDefinitions>
    <UnitTest name="TestInstigateFightRequestDoer_Hit" storage="c:\users\tulip\desktop\virtualwaterfight_2\testvirtualwaterfight\bin\debug\testvirtualwaterfight.dll" id="1e99bc80-3657-84fb-6124-0e6413d725a0">
      <Execution id="036488aa-4f7b-4824-a8b2-0316b376ebe4" />
      <TestMethod codeBase="C:/Users/Tulip/Desktop/VirtualWaterFight_2/TestVirtualWaterFight/bin/Debug/TestVirtualWaterFight.DLL" adapterTypeName="Microsoft.VisualStudio.TestTools.TestTypes.Unit.UnitTestAdapter, Microsoft.VisualStudio.QualityTools.Tips.UnitTest.Adapter, Version=10.0.0.0, Culture=neutral, PublicKeyToken=b03f5f7f11d50a3a" className="TestVirtualWaterFight.ProtocolsTester.InstigateFightTester, TestVirtualWaterFight, Version=1.0.0.0, Culture=neutral, PublicKeyToken=null" name="TestInstigateFightRequestDoer_Hit" />
    </UnitTest>
  </TestDefinitions>
  <TestLists>
    <TestList name="Results Not in a List" id="8c84fa94-04c1-424b-9868-57a2d4851a1d" />
    <TestList name="All Loaded Results" id="19431567-8539-422a-85d7-44ee4e166bda" />
  </TestLists>
  <TestEntries>
    <TestEntry testId="1e99bc80-3657-84fb-6124-0e6413d725a0" executionId="036488aa-4f7b-4824-a8b2-0316b376ebe4" testListId="8c84fa94-04c1-424b-9868-57a2d4851a1d" />
  </TestEntries>
  <Results>
    <UnitTestResult executionId="036488aa-4f7b-4824-a8b2-0316b376ebe4" testId="1e99bc80-3657-84fb-6124-0e6413d725a0" testName="TestInstigateFightRequestDoer_Hit" computerName="TULIP-PC" duration="00:00:01.7436932" startTime="2012-12-07T20:10:18.0402304-07:00" endTime="2012-12-07T20:10:20.3908163-07:00" testType="13cdc9d9-ddb5-4fa4-a97d-d965ccfc6d4b" outcome="Failed" testListId="8c84fa94-04c1-424b-9868-57a2d4851a1d" relativeResultsDirectory="036488aa-4f7b-4824-a8b2-0316b376ebe4">
      <Output>
        <ErrorInfo>
          <Message>Test method TestVirtualWaterFight.ProtocolsTester.InstigateFightTester.TestInstigateFightRequestDoer_Hit threw exception: 
System.InvalidOperationException: Could not find default endpoint element that references contract 'wfssWebAPI.WFStatsSoap' in the ServiceModel client configuration section. This might be because no configuration file was found for your application, or because no endpoint element matching this contract could be found in the client element.</Message>
          <StackTrace>    at System.ServiceModel.Description.ConfigLoader.LoadChannelBehaviors(ServiceEndpoint serviceEndpoint, String configurationName)
   at System.ServiceModel.ChannelFactory.ApplyConfiguration(String configurationName, Configuration configuration)
   at System.ServiceModel.ChannelFactory.ApplyConfiguration(String configurationName)
   at System.ServiceModel.ChannelFactory.InitializeEndpoint(String configurationName, EndpointAddress address)
   at System.ServiceModel.ChannelFactory`1..ctor(String endpointConfigurationName, EndpointAddress remoteAddress)
   at System.ServiceModel.EndpointTrait`1.CreateSimplexFactory()
   at System.ServiceModel.ClientBase`1.CreateChannelFactoryRef(EndpointTrait`1 endpointTrait)
   at System.ServiceModel.ClientBase`1.InitializeChannelFactoryRef()
   at System.ServiceModel.ClientBase`1..ctor()
   at wfssWebAPI.WFStatsSoapClient..ctor() in C:\Users\Tulip\Desktop\VirtualWaterFight_2\FightManager\Service References\wfssWebAPI\Reference.cs:line 682
   at FightManager.FightManagerDoer.Start() in C:\Users\Tulip\Desktop\VirtualWaterFight_2\FightManager\FightManagerDoer.cs:line 70
   at TestVirtualWaterFight.ProtocolsTester.ProtocolTester.StartThreads() in C:\Users\Tulip\Desktop\VirtualWaterFight_2\TestVirtualWaterFight\ProtocolsTester\ProtocolTester.cs:line 119
   at TestVirtualWaterFight.ProtocolsTester.InstigateFightTester.TestInstigateFightRequestDoer_Hit() in C:\Users\Tulip\Desktop\VirtualWaterFight_2\TestVirtualWaterFight\ProtocolsTester\InstigateFightTester.cs:line 26
</StackTrace>
        </ErrorInfo>
      </Output>
    </UnitTestResult>
  </Results>
</TestRun>