<?xml version="1.0" encoding="UTF-8"?>
<TestRun id="e08449fe-6f5c-4b73-a7c4-981a452b4b9f" name="Tulip@TULIP-PC 2012-12-07 19:42:04" runUser="Tulip-PC\Tulip" xmlns="http://microsoft.com/schemas/VisualStudio/TeamTest/2010">
  <TestSettings name="Local" id="670c5c00-ed4e-414f-8521-9bfb3367e3cc">
    <Description>These are default test settings for a local test run.</Description>
    <Deployment enabled="false" runDeploymentRoot="Tulip_TULIP-PC 2012-12-07 19_42_04">
      <DeploymentItem filename="C:\Users\Tulip\Desktop\VirtualWaterFight_2\BalloonManager\bin\Debug\BalloonManager.dll" />
      <DeploymentItem filename="C:\Users\Tulip\Desktop\VirtualWaterFight_2\Player\bin\Debug\Player.dll" />
      <DeploymentItem filename="C:\Users\Tulip\Desktop\VirtualWaterFight_2\Common\bin\Debug\Common.dll" />
      <DeploymentItem filename="C:\Users\Tulip\Desktop\VirtualWaterFight_2\Objects\bin\Debug\Objects.dll" />
      <DeploymentItem filename="C:\Users\Tulip\Desktop\VirtualWaterFight_2\WaterManager\bin\Debug\WaterManager.dll" />
      <DeploymentItem filename="C:\Users\Tulip\Desktop\VirtualWaterFight_2\FightManager\bin\Debug\FightManager.dll" />
    </Deployment>
    <Execution>
      <TestTypeSpecific />
      <AgentRule name="Execution Agents">
      </AgentRule>
    </Execution>
  </TestSettings>
  <Times creation="2012-12-07T19:42:04.3465542-07:00" queuing="2012-12-07T19:42:04.4217495-07:00" start="2012-12-07T19:42:04.8055386-07:00" finish="2012-12-07T19:42:21.5115933-07:00" />
  <ResultSummary outcome="Aborted">
    <Counters total="4" executed="2" error="0" failed="0" timeout="0" aborted="1" inconclusive="0" passedButRunAborted="1" notRunnable="0" notExecuted="2" disconnected="0" warning="0" passed="0" completed="0" inProgress="0" pending="0" />
  </ResultSummary>
  <TestDefinitions>
    <UnitTest name="TestClearConversationList" storage="c:\users\tulip\desktop\virtualwaterfight_2\testvirtualwaterfight\bin\debug\testvirtualwaterfight.dll" id="2e653339-8654-8651-f1cf-c8678680e73a">
      <Execution id="420fb45a-b8f3-4c31-8033-576ac1cca542" />
      <TestMethod codeBase="C:/Users/Tulip/Desktop/VirtualWaterFight_2/TestVirtualWaterFight/bin/Debug/TestVirtualWaterFight.DLL" adapterTypeName="Microsoft.VisualStudio.TestTools.TestTypes.Unit.UnitTestAdapter, Microsoft.VisualStudio.QualityTools.Tips.UnitTest.Adapter, Version=10.0.0.0, Culture=neutral, PublicKeyToken=b03f5f7f11d50a3a" className="TestVirtualWaterFight.CommonTester.ManagerConversationListTester, TestVirtualWaterFight, Version=1.0.0.0, Culture=neutral, PublicKeyToken=null" name="TestClearConversationList" />
    </UnitTest>
    <UnitTest name="TestAddNewConversation" storage="c:\users\tulip\desktop\virtualwaterfight_2\testvirtualwaterfight\bin\debug\testvirtualwaterfight.dll" id="3fe3d3eb-f728-1804-6f35-1bb367f7c8d8">
      <Execution id="dc267dd2-890b-44cd-b8ae-1bcc67ed3dd1" />
      <TestMethod codeBase="C:/Users/Tulip/Desktop/VirtualWaterFight_2/TestVirtualWaterFight/bin/Debug/TestVirtualWaterFight.DLL" adapterTypeName="Microsoft.VisualStudio.TestTools.TestTypes.Unit.UnitTestAdapter, Microsoft.VisualStudio.QualityTools.Tips.UnitTest.Adapter, Version=10.0.0.0, Culture=neutral, PublicKeyToken=b03f5f7f11d50a3a" className="TestVirtualWaterFight.CommonTester.ManagerConversationListTester, TestVirtualWaterFight, Version=1.0.0.0, Culture=neutral, PublicKeyToken=null" name="TestAddNewConversation" />
    </UnitTest>
    <UnitTest name="TestIsExist" storage="c:\users\tulip\desktop\virtualwaterfight_2\testvirtualwaterfight\bin\debug\testvirtualwaterfight.dll" id="01f1589e-854a-7664-f6ad-25e4f7045bf2">
      <Execution id="ead73555-ad02-4ee8-b3e6-1bcd589b7137" />
      <TestMethod codeBase="C:/Users/Tulip/Desktop/VirtualWaterFight_2/TestVirtualWaterFight/bin/Debug/TestVirtualWaterFight.DLL" adapterTypeName="Microsoft.VisualStudio.TestTools.TestTypes.Unit.UnitTestAdapter, Microsoft.VisualStudio.QualityTools.Tips.UnitTest.Adapter, Version=10.0.0.0, Culture=neutral, PublicKeyToken=b03f5f7f11d50a3a" className="TestVirtualWaterFight.CommonTester.ManagerConversationListTester, TestVirtualWaterFight, Version=1.0.0.0, Culture=neutral, PublicKeyToken=null" name="TestIsExist" />
    </UnitTest>
    <UnitTest name="TestFindConversation" storage="c:\users\tulip\desktop\virtualwaterfight_2\testvirtualwaterfight\bin\debug\testvirtualwaterfight.dll" id="5f199926-2b0d-9f0c-5b94-2ea6f8338fb0">
      <Execution id="94dda449-d942-43e4-b99f-613c60c34c8e" />
      <TestMethod codeBase="C:/Users/Tulip/Desktop/VirtualWaterFight_2/TestVirtualWaterFight/bin/Debug/TestVirtualWaterFight.DLL" adapterTypeName="Microsoft.VisualStudio.TestTools.TestTypes.Unit.UnitTestAdapter, Microsoft.VisualStudio.QualityTools.Tips.UnitTest.Adapter, Version=10.0.0.0, Culture=neutral, PublicKeyToken=b03f5f7f11d50a3a" className="TestVirtualWaterFight.CommonTester.ManagerConversationListTester, TestVirtualWaterFight, Version=1.0.0.0, Culture=neutral, PublicKeyToken=null" name="TestFindConversation" />
    </UnitTest>
  </TestDefinitions>
  <TestLists>
    <TestList name="Results Not in a List" id="8c84fa94-04c1-424b-9868-57a2d4851a1d" />
    <TestList name="All Loaded Results" id="19431567-8539-422a-85d7-44ee4e166bda" />
  </TestLists>
  <TestEntries>
    <TestEntry testId="01f1589e-854a-7664-f6ad-25e4f7045bf2" executionId="ead73555-ad02-4ee8-b3e6-1bcd589b7137" testListId="8c84fa94-04c1-424b-9868-57a2d4851a1d" />
    <TestEntry testId="2e653339-8654-8651-f1cf-c8678680e73a" executionId="420fb45a-b8f3-4c31-8033-576ac1cca542" testListId="8c84fa94-04c1-424b-9868-57a2d4851a1d" />
    <TestEntry testId="3fe3d3eb-f728-1804-6f35-1bb367f7c8d8" executionId="dc267dd2-890b-44cd-b8ae-1bcc67ed3dd1" testListId="8c84fa94-04c1-424b-9868-57a2d4851a1d" />
    <TestEntry testId="5f199926-2b0d-9f0c-5b94-2ea6f8338fb0" executionId="94dda449-d942-43e4-b99f-613c60c34c8e" testListId="8c84fa94-04c1-424b-9868-57a2d4851a1d" />
  </TestEntries>
  <Results>
    <UnitTestResult executionId="ead73555-ad02-4ee8-b3e6-1bcd589b7137" testId="01f1589e-854a-7664-f6ad-25e4f7045bf2" testName="TestIsExist" computerName="TULIP-PC" duration="00:00:00.0864458" startTime="2012-12-07T19:42:04.9862027-07:00" endTime="2012-12-07T19:42:05.4363980-07:00" testType="13cdc9d9-ddb5-4fa4-a97d-d965ccfc6d4b" outcome="PassedButRunAborted" testListId="8c84fa94-04c1-424b-9868-57a2d4851a1d" relativeResultsDirectory="ead73555-ad02-4ee8-b3e6-1bcd589b7137">
    </UnitTestResult>
    <UnitTestResult executionId="420fb45a-b8f3-4c31-8033-576ac1cca542" testId="2e653339-8654-8651-f1cf-c8678680e73a" testName="TestClearConversationList" computerName="TULIP-PC" duration="00:00:09.9257813" startTime="2012-12-07T19:42:05.4813198-07:00" endTime="2012-12-07T19:42:15.4071011-07:00" testType="13cdc9d9-ddb5-4fa4-a97d-d965ccfc6d4b" outcome="Aborted" testListId="8c84fa94-04c1-424b-9868-57a2d4851a1d" relativeResultsDirectory="420fb45a-b8f3-4c31-8033-576ac1cca542">
      <Output>
        <ErrorInfo>
          <Message>User aborted test run.</Message>
        </ErrorInfo>
      </Output>
    </UnitTestResult>
    <UnitTestResult executionId="dc267dd2-890b-44cd-b8ae-1bcc67ed3dd1" testId="3fe3d3eb-f728-1804-6f35-1bb367f7c8d8" testName="TestAddNewConversation" computerName="TULIP-PC" testType="13cdc9d9-ddb5-4fa4-a97d-d965ccfc6d4b" outcome="NotExecuted" testListId="8c84fa94-04c1-424b-9868-57a2d4851a1d" relativeResultsDirectory="dc267dd2-890b-44cd-b8ae-1bcc67ed3dd1">
    </UnitTestResult>
    <UnitTestResult executionId="94dda449-d942-43e4-b99f-613c60c34c8e" testId="5f199926-2b0d-9f0c-5b94-2ea6f8338fb0" testName="TestFindConversation" computerName="TULIP-PC" testType="13cdc9d9-ddb5-4fa4-a97d-d965ccfc6d4b" outcome="NotExecuted" testListId="8c84fa94-04c1-424b-9868-57a2d4851a1d" relativeResultsDirectory="94dda449-d942-43e4-b99f-613c60c34c8e">
    </UnitTestResult>
  </Results>
</TestRun>