<?xml version="1.0" encoding="UTF-8"?>
<TestRun id="2ca1bd92-e3a5-4e9e-bfc7-d01f1d9cb31f" name="Tulip@TULIP-PC 2012-12-07 20:21:43" runUser="Tulip-PC\Tulip" xmlns="http://microsoft.com/schemas/VisualStudio/TeamTest/2010">
  <TestSettings name="Local" id="670c5c00-ed4e-414f-8521-9bfb3367e3cc">
    <Description>These are default test settings for a local test run.</Description>
    <Deployment enabled="false" runDeploymentRoot="Tulip_TULIP-PC 2012-12-07 20_21_43">
      <DeploymentItem filename="C:\Users\Tulip\Desktop\VirtualWaterFight_2\BalloonManager\bin\Debug\BalloonManager.dll" />
      <DeploymentItem filename="C:\Users\Tulip\Desktop\VirtualWaterFight_2\Player\bin\Debug\Player.dll" />
      <DeploymentItem filename="C:\Users\Tulip\Desktop\VirtualWaterFight_2\Common\bin\Debug\Common.dll" />
      <DeploymentItem filename="C:\Users\Tulip\Desktop\VirtualWaterFight_2\Objects\bin\Debug\Objects.dll" />
      <DeploymentItem filename="C:\Users\Tulip\Desktop\VirtualWaterFight_2\WaterManager\bin\Debug\WaterManager.dll" />
      <DeploymentItem filename="C:\Users\Tulip\Desktop\VirtualWaterFight_2\FightManager\bin\Debug\FightManager.dll" />
    </Deployment>
    <Execution>
      <TestTypeSpecific />
      <AgentRule name="Execution Agents">
      </AgentRule>
    </Execution>
  </TestSettings>
  <Times creation="2012-12-07T20:21:43.5104084-07:00" queuing="2012-12-07T20:21:43.5543538-07:00" start="2012-12-07T20:21:43.8502522-07:00" finish="2012-12-07T20:30:59.0673751-07:00" />
  <ResultSummary outcome="Aborted">
    <Counters total="1" executed="1" error="0" failed="0" timeout="0" aborted="1" inconclusive="0" passedButRunAborted="0" notRunnable="0" notExecuted="0" disconnected="0" warning="0" passed="0" completed="0" inProgress="0" pending="0" />
  </ResultSummary>
  <TestDefinitions>
    <UnitTest name="TestInprocessFightsListRequestDoer" storage="c:\users\tulip\desktop\virtualwaterfight_2\testvirtualwaterfight\bin\debug\testvirtualwaterfight.dll" id="dec6279d-353f-a8b1-d38e-ee8c53d51bb4">
      <Execution id="9dffc348-4512-46ce-9bf4-385fccdc79d7" />
      <TestMethod codeBase="C:/Users/Tulip/Desktop/VirtualWaterFight_2/TestVirtualWaterFight/bin/Debug/TestVirtualWaterFight.DLL" adapterTypeName="Microsoft.VisualStudio.TestTools.TestTypes.Unit.UnitTestAdapter, Microsoft.VisualStudio.QualityTools.Tips.UnitTest.Adapter, Version=10.0.0.0, Culture=neutral, PublicKeyToken=b03f5f7f11d50a3a" className="TestVirtualWaterFight.ProtocolsTester.InprocessFightsListTester, TestVirtualWaterFight, Version=1.0.0.0, Culture=neutral, PublicKeyToken=null" name="TestInprocessFightsListRequestDoer" />
    </UnitTest>
  </TestDefinitions>
  <TestLists>
    <TestList name="Results Not in a List" id="8c84fa94-04c1-424b-9868-57a2d4851a1d" />
    <TestList name="All Loaded Results" id="19431567-8539-422a-85d7-44ee4e166bda" />
  </TestLists>
  <TestEntries>
    <TestEntry testId="dec6279d-353f-a8b1-d38e-ee8c53d51bb4" executionId="9dffc348-4512-46ce-9bf4-385fccdc79d7" testListId="8c84fa94-04c1-424b-9868-57a2d4851a1d" />
  </TestEntries>
  <Results>
    <UnitTestResult executionId="9dffc348-4512-46ce-9bf4-385fccdc79d7" testId="dec6279d-353f-a8b1-d38e-ee8c53d51bb4" testName="TestInprocessFightsListRequestDoer" computerName="TULIP-PC" duration="00:09:09.0558852" startTime="2012-12-07T20:21:44.0455647-07:00" endTime="2012-12-07T20:30:53.1014499-07:00" testType="13cdc9d9-ddb5-4fa4-a97d-d965ccfc6d4b" outcome="Aborted" testListId="8c84fa94-04c1-424b-9868-57a2d4851a1d" relativeResultsDirectory="9dffc348-4512-46ce-9bf4-385fccdc79d7">
      <Output>
        <ErrorInfo>
          <Message>User aborted test run.</Message>
        </ErrorInfo>
      </Output>
    </UnitTestResult>
  </Results>
</TestRun>