<?xml version="1.0" encoding="UTF-8"?>
<TestRun id="275c9789-8f4a-4b89-8c29-50ce969a6aab" name="Tulip@TULIP-PC 2012-12-07 19:22:37" runUser="Tulip-PC\Tulip" xmlns="http://microsoft.com/schemas/VisualStudio/TeamTest/2010">
  <TestSettings name="Local" id="670c5c00-ed4e-414f-8521-9bfb3367e3cc">
    <Description>These are default test settings for a local test run.</Description>
    <Deployment enabled="false" runDeploymentRoot="Tulip_TULIP-PC 2012-12-07 19_22_37">
      <DeploymentItem filename="C:\Users\Tulip\Desktop\VirtualWaterFight_2\BalloonManager\bin\Debug\BalloonManager.dll" />
      <DeploymentItem filename="C:\Users\Tulip\Desktop\VirtualWaterFight_2\Player\bin\Debug\Player.dll" />
      <DeploymentItem filename="C:\Users\Tulip\Desktop\VirtualWaterFight_2\Common\bin\Debug\Common.dll" />
      <DeploymentItem filename="C:\Users\Tulip\Desktop\VirtualWaterFight_2\Objects\bin\Debug\Objects.dll" />
      <DeploymentItem filename="C:\Users\Tulip\Desktop\VirtualWaterFight_2\WaterManager\bin\Debug\WaterManager.dll" />
      <DeploymentItem filename="C:\Users\Tulip\Desktop\VirtualWaterFight_2\FightManager\bin\Debug\FightManager.dll" />
    </Deployment>
    <Execution>
      <TestTypeSpecific />
      <AgentRule name="Execution Agents">
      </AgentRule>
    </Execution>
  </TestSettings>
  <Times creation="2012-12-07T19:22:37.1203844-07:00" queuing="2012-12-07T19:22:37.9180476-07:00" start="2012-12-07T19:22:38.1710568-07:00" finish="2012-12-07T19:23:14.4349401-07:00" />
  <ResultSummary outcome="Failed">
    <Counters total="1" executed="1" error="0" failed="1" timeout="0" aborted="0" inconclusive="0" passedButRunAborted="0" notRunnable="0" notExecuted="0" disconnected="0" warning="0" passed="0" completed="0" inProgress="0" pending="0" />
  </ResultSummary>
  <TestDefinitions>
    <UnitTest name="TestClearConversationList" storage="c:\users\tulip\desktop\virtualwaterfight_2\testvirtualwaterfight\bin\debug\testvirtualwaterfight.dll" id="81844865-1cba-7592-e83b-e5a5f5b28dd9">
      <Execution id="133432f0-684f-4ea2-a7ef-3c6eb8884d65" />
      <TestMethod codeBase="C:/Users/Tulip/Desktop/VirtualWaterFight_2/TestVirtualWaterFight/bin/Debug/TestVirtualWaterFight.DLL" adapterTypeName="Microsoft.VisualStudio.TestTools.TestTypes.Unit.UnitTestAdapter, Microsoft.VisualStudio.QualityTools.Tips.UnitTest.Adapter, Version=10.0.0.0, Culture=neutral, PublicKeyToken=b03f5f7f11d50a3a" className="TestVirtualWaterFight.Communicator.PlayerConversationListTester, TestVirtualWaterFight, Version=1.0.0.0, Culture=neutral, PublicKeyToken=null" name="TestClearConversationList" />
    </UnitTest>
  </TestDefinitions>
  <TestLists>
    <TestList name="Results Not in a List" id="8c84fa94-04c1-424b-9868-57a2d4851a1d" />
    <TestList name="All Loaded Results" id="19431567-8539-422a-85d7-44ee4e166bda" />
  </TestLists>
  <TestEntries>
    <TestEntry testId="81844865-1cba-7592-e83b-e5a5f5b28dd9" executionId="133432f0-684f-4ea2-a7ef-3c6eb8884d65" testListId="8c84fa94-04c1-424b-9868-57a2d4851a1d" />
  </TestEntries>
  <Results>
    <UnitTestResult executionId="133432f0-684f-4ea2-a7ef-3c6eb8884d65" testId="81844865-1cba-7592-e83b-e5a5f5b28dd9" testName="TestClearConversationList" computerName="TULIP-PC" duration="00:00:33.9951623" startTime="2012-12-07T19:22:38.3150920-07:00" endTime="2012-12-07T19:23:14.1048620-07:00" testType="13cdc9d9-ddb5-4fa4-a97d-d965ccfc6d4b" outcome="Failed" testListId="8c84fa94-04c1-424b-9868-57a2d4851a1d" relativeResultsDirectory="133432f0-684f-4ea2-a7ef-3c6eb8884d65">
      <Output>
        <ErrorInfo>
          <Message>Assert.AreEqual failed. Expected:&lt;0&gt;. Actual:&lt;2&gt;. </Message>
          <StackTrace>   at TestVirtualWaterFight.Communicator.PlayerConversationListTester.TestClearConversationList() in C:\Users\Tulip\Desktop\VirtualWaterFight_2\TestVirtualWaterFight\CommonTester\PlayerConversationListTester.cs:line 154
</StackTrace>
        </ErrorInfo>
      </Output>
    </UnitTestResult>
  </Results>
</TestRun>