<?xml version="1.0" encoding="UTF-8"?>
<TestRun id="ae6d3c8f-ed3e-48a3-b787-61057961f20a" name="Tulip@TULIP-PC 2012-12-07 19:37:20" runUser="Tulip-PC\Tulip" xmlns="http://microsoft.com/schemas/VisualStudio/TeamTest/2010">
  <TestSettings name="Local" id="670c5c00-ed4e-414f-8521-9bfb3367e3cc">
    <Description>These are default test settings for a local test run.</Description>
    <Deployment enabled="false" runDeploymentRoot="Tulip_TULIP-PC 2012-12-07 19_37_20">
      <DeploymentItem filename="C:\Users\Tulip\Desktop\VirtualWaterFight_2\BalloonManager\bin\Debug\BalloonManager.dll" />
      <DeploymentItem filename="C:\Users\Tulip\Desktop\VirtualWaterFight_2\Player\bin\Debug\Player.dll" />
      <DeploymentItem filename="C:\Users\Tulip\Desktop\VirtualWaterFight_2\Common\bin\Debug\Common.dll" />
      <DeploymentItem filename="C:\Users\Tulip\Desktop\VirtualWaterFight_2\Objects\bin\Debug\Objects.dll" />
      <DeploymentItem filename="C:\Users\Tulip\Desktop\VirtualWaterFight_2\WaterManager\bin\Debug\WaterManager.dll" />
      <DeploymentItem filename="C:\Users\Tulip\Desktop\VirtualWaterFight_2\FightManager\bin\Debug\FightManager.dll" />
    </Deployment>
    <Execution>
      <TestTypeSpecific />
      <AgentRule name="Execution Agents">
      </AgentRule>
    </Execution>
  </TestSettings>
  <Times creation="2012-12-07T19:37:20.1412869-07:00" queuing="2012-12-07T19:37:21.0319119-07:00" start="2012-12-07T19:37:21.3326931-07:00" finish="2012-12-07T19:37:22.5651150-07:00" />
  <ResultSummary outcome="Completed">
    <Counters total="1" executed="1" passed="1" error="0" failed="0" timeout="0" aborted="0" inconclusive="0" passedButRunAborted="0" notRunnable="0" notExecuted="0" disconnected="0" warning="0" completed="0" inProgress="0" pending="0" />
  </ResultSummary>
  <TestDefinitions>
    <UnitTest name="TestMethod1" storage="c:\users\tulip\desktop\virtualwaterfight_2\testvirtualwaterfight\bin\debug\testvirtualwaterfight.dll" id="6d582738-f49b-f67e-7254-5bca0022409b">
      <Execution id="250baeae-31ec-4291-9e91-f6c12fa6552c" />
      <TestMethod codeBase="C:/Users/Tulip/Desktop/VirtualWaterFight_2/TestVirtualWaterFight/bin/Debug/TestVirtualWaterFight.DLL" adapterTypeName="Microsoft.VisualStudio.TestTools.TestTypes.Unit.UnitTestAdapter, Microsoft.VisualStudio.QualityTools.Tips.UnitTest.Adapter, Version=10.0.0.0, Culture=neutral, PublicKeyToken=b03f5f7f11d50a3a" className="TestVirtualWaterFight.CommonTester.ManagerConversationListTester, TestVirtualWaterFight, Version=1.0.0.0, Culture=neutral, PublicKeyToken=null" name="TestMethod1" />
    </UnitTest>
  </TestDefinitions>
  <TestLists>
    <TestList name="Results Not in a List" id="8c84fa94-04c1-424b-9868-57a2d4851a1d" />
    <TestList name="All Loaded Results" id="19431567-8539-422a-85d7-44ee4e166bda" />
  </TestLists>
  <TestEntries>
    <TestEntry testId="6d582738-f49b-f67e-7254-5bca0022409b" executionId="250baeae-31ec-4291-9e91-f6c12fa6552c" testListId="8c84fa94-04c1-424b-9868-57a2d4851a1d" />
  </TestEntries>
  <Results>
    <UnitTestResult executionId="250baeae-31ec-4291-9e91-f6c12fa6552c" testId="6d582738-f49b-f67e-7254-5bca0022409b" testName="TestMethod1" computerName="TULIP-PC" duration="00:00:00.0169405" startTime="2012-12-07T19:37:21.5563259-07:00" endTime="2012-12-07T19:37:22.2604275-07:00" testType="13cdc9d9-ddb5-4fa4-a97d-d965ccfc6d4b" outcome="Passed" testListId="8c84fa94-04c1-424b-9868-57a2d4851a1d" relativeResultsDirectory="250baeae-31ec-4291-9e91-f6c12fa6552c">
    </UnitTestResult>
  </Results>
</TestRun>