<?xml version="1.0" encoding="UTF-8"?>
<TestRun id="0ec7e442-07e4-4ad7-9e9c-30cee0bee00d" name="Tulip@TULIP-PC 2012-12-07 19:50:07" runUser="Tulip-PC\Tulip" xmlns="http://microsoft.com/schemas/VisualStudio/TeamTest/2010">
  <TestSettings name="Local" id="670c5c00-ed4e-414f-8521-9bfb3367e3cc">
    <Description>These are default test settings for a local test run.</Description>
    <Deployment enabled="false" runDeploymentRoot="Tulip_TULIP-PC 2012-12-07 19_50_07">
      <DeploymentItem filename="C:\Users\Tulip\Desktop\VirtualWaterFight_2\BalloonManager\bin\Debug\BalloonManager.dll" />
      <DeploymentItem filename="C:\Users\Tulip\Desktop\VirtualWaterFight_2\Player\bin\Debug\Player.dll" />
      <DeploymentItem filename="C:\Users\Tulip\Desktop\VirtualWaterFight_2\Common\bin\Debug\Common.dll" />
      <DeploymentItem filename="C:\Users\Tulip\Desktop\VirtualWaterFight_2\Objects\bin\Debug\Objects.dll" />
      <DeploymentItem filename="C:\Users\Tulip\Desktop\VirtualWaterFight_2\WaterManager\bin\Debug\WaterManager.dll" />
      <DeploymentItem filename="C:\Users\Tulip\Desktop\VirtualWaterFight_2\FightManager\bin\Debug\FightManager.dll" />
    </Deployment>
    <Execution>
      <TestTypeSpecific />
      <AgentRule name="Execution Agents">
      </AgentRule>
    </Execution>
  </TestSettings>
  <Times creation="2012-12-07T19:50:07.7367057-07:00" queuing="2012-12-07T19:50:07.8075311-07:00" start="2012-12-07T19:50:08.2315264-07:00" finish="2012-12-07T19:50:09.8241408-07:00" />
  <ResultSummary outcome="Completed">
    <Counters total="1" executed="1" passed="1" error="0" failed="0" timeout="0" aborted="0" inconclusive="0" passedButRunAborted="0" notRunnable="0" notExecuted="0" disconnected="0" warning="0" completed="0" inProgress="0" pending="0" />
  </ResultSummary>
  <TestDefinitions>
    <UnitTest name="TestUpdateCurrentPlayersList" storage="c:\users\tulip\desktop\virtualwaterfight_2\testvirtualwaterfight\bin\debug\testvirtualwaterfight.dll" id="d58f1b21-1d84-eb7d-f1b9-b646e5fed73d">
      <Execution id="d617c725-8468-48db-864f-91e482552837" />
      <TestMethod codeBase="C:/Users/Tulip/Desktop/VirtualWaterFight_2/TestVirtualWaterFight/bin/Debug/TestVirtualWaterFight.DLL" adapterTypeName="Microsoft.VisualStudio.TestTools.TestTypes.Unit.UnitTestAdapter, Microsoft.VisualStudio.QualityTools.Tips.UnitTest.Adapter, Version=10.0.0.0, Culture=neutral, PublicKeyToken=b03f5f7f11d50a3a" className="TestVirtualWaterFight.PlayerTester, TestVirtualWaterFight, Version=1.0.0.0, Culture=neutral, PublicKeyToken=null" name="TestUpdateCurrentPlayersList" />
    </UnitTest>
  </TestDefinitions>
  <TestLists>
    <TestList name="Results Not in a List" id="8c84fa94-04c1-424b-9868-57a2d4851a1d" />
    <TestList name="All Loaded Results" id="19431567-8539-422a-85d7-44ee4e166bda" />
  </TestLists>
  <TestEntries>
    <TestEntry testId="d58f1b21-1d84-eb7d-f1b9-b646e5fed73d" executionId="d617c725-8468-48db-864f-91e482552837" testListId="8c84fa94-04c1-424b-9868-57a2d4851a1d" />
  </TestEntries>
  <Results>
    <UnitTestResult executionId="d617c725-8468-48db-864f-91e482552837" testId="d58f1b21-1d84-eb7d-f1b9-b646e5fed73d" testName="TestUpdateCurrentPlayersList" computerName="TULIP-PC" duration="00:00:00.2354050" startTime="2012-12-07T19:50:08.4516594-07:00" endTime="2012-12-07T19:50:09.0201768-07:00" testType="13cdc9d9-ddb5-4fa4-a97d-d965ccfc6d4b" outcome="Passed" testListId="8c84fa94-04c1-424b-9868-57a2d4851a1d" relativeResultsDirectory="d617c725-8468-48db-864f-91e482552837">
    </UnitTestResult>
  </Results>
</TestRun>