<?xml version="1.0" encoding="UTF-8"?>
<TestRun id="dc753a55-b8c7-4b6b-abf7-71c565484aaa" name="Tulip@TULIP-PC 2012-12-07 19:19:13" runUser="Tulip-PC\Tulip" xmlns="http://microsoft.com/schemas/VisualStudio/TeamTest/2010">
  <TestSettings name="Local" id="670c5c00-ed4e-414f-8521-9bfb3367e3cc">
    <Description>These are default test settings for a local test run.</Description>
    <Deployment enabled="false" runDeploymentRoot="Tulip_TULIP-PC 2012-12-07 19_19_13">
      <DeploymentItem filename="C:\Users\Tulip\Desktop\VirtualWaterFight_2\BalloonManager\bin\Debug\BalloonManager.dll" />
      <DeploymentItem filename="C:\Users\Tulip\Desktop\VirtualWaterFight_2\Player\bin\Debug\Player.dll" />
      <DeploymentItem filename="C:\Users\Tulip\Desktop\VirtualWaterFight_2\Common\bin\Debug\Common.dll" />
      <DeploymentItem filename="C:\Users\Tulip\Desktop\VirtualWaterFight_2\Objects\bin\Debug\Objects.dll" />
      <DeploymentItem filename="C:\Users\Tulip\Desktop\VirtualWaterFight_2\WaterManager\bin\Debug\WaterManager.dll" />
      <DeploymentItem filename="C:\Users\Tulip\Desktop\VirtualWaterFight_2\FightManager\bin\Debug\FightManager.dll" />
    </Deployment>
    <Execution>
      <TestTypeSpecific />
      <AgentRule name="Execution Agents">
      </AgentRule>
    </Execution>
  </TestSettings>
  <Times creation="2012-12-07T19:19:13.0305090-07:00" queuing="2012-12-07T19:19:16.1476965-07:00" start="2012-12-07T19:19:16.5041418-07:00" finish="2012-12-07T19:20:45.8449621-07:00" />
  <ResultSummary outcome="Error">
    <Counters total="1" executed="1" error="0" failed="0" timeout="0" aborted="1" inconclusive="0" passedButRunAborted="0" notRunnable="0" notExecuted="0" disconnected="0" warning="0" passed="0" completed="0" inProgress="0" pending="0" />
    <RunInfos>
      <RunInfo computerName="TULIP-PC" outcome="Error" timestamp="2012-12-07T19:20:45.3176184-07:00">
        <Text>Test host process exited unexpectedly.</Text>
      </RunInfo>
    </RunInfos>
  </ResultSummary>
  <TestDefinitions>
    <UnitTest name="TestClearConversationList" storage="c:\users\tulip\desktop\virtualwaterfight_2\testvirtualwaterfight\bin\debug\testvirtualwaterfight.dll" id="81844865-1cba-7592-e83b-e5a5f5b28dd9">
      <Execution id="a1f1b3ed-9589-440c-ad08-47ccd4fb291a" />
      <TestMethod codeBase="C:/Users/Tulip/Desktop/VirtualWaterFight_2/TestVirtualWaterFight/bin/Debug/TestVirtualWaterFight.DLL" adapterTypeName="Microsoft.VisualStudio.TestTools.TestTypes.Unit.UnitTestAdapter, Microsoft.VisualStudio.QualityTools.Tips.UnitTest.Adapter, Version=10.0.0.0, Culture=neutral, PublicKeyToken=b03f5f7f11d50a3a" className="TestVirtualWaterFight.Communicator.PlayerConversationListTester, TestVirtualWaterFight, Version=1.0.0.0, Culture=neutral, PublicKeyToken=null" name="TestClearConversationList" />
    </UnitTest>
  </TestDefinitions>
  <TestLists>
    <TestList name="Results Not in a List" id="8c84fa94-04c1-424b-9868-57a2d4851a1d" />
    <TestList name="All Loaded Results" id="19431567-8539-422a-85d7-44ee4e166bda" />
  </TestLists>
  <TestEntries>
    <TestEntry testId="81844865-1cba-7592-e83b-e5a5f5b28dd9" executionId="a1f1b3ed-9589-440c-ad08-47ccd4fb291a" testListId="8c84fa94-04c1-424b-9868-57a2d4851a1d" />
  </TestEntries>
  <Results>
    <UnitTestResult executionId="a1f1b3ed-9589-440c-ad08-47ccd4fb291a" testId="81844865-1cba-7592-e83b-e5a5f5b28dd9" testName="TestClearConversationList" computerName="TULIP-PC" duration="00:01:29.0507812" startTime="2012-12-07T19:19:16.7941809-07:00" endTime="2012-12-07T19:20:45.8449621-07:00" testType="13cdc9d9-ddb5-4fa4-a97d-d965ccfc6d4b" outcome="Aborted" testListId="8c84fa94-04c1-424b-9868-57a2d4851a1d" relativeResultsDirectory="a1f1b3ed-9589-440c-ad08-47ccd4fb291a">
    </UnitTestResult>
  </Results>
</TestRun>